This file contains any messages produced by compilers while
running configure, to aid debugging if configure makes a mistake.

It was created by log4cpp configure 1.1, which was
generated by GNU Autoconf 2.68.  Invocation command line was

  $ ./configure 

## --------- ##
## Platform. ##
## --------- ##

hostname = docker_69.112.80_yanzhongliang
uname -m = x86_64
uname -r = 3.10.0-123.el7.x86_64
uname -s = Linux
uname -v = #1 SMP Mon Jun 30 12:09:22 UTC 2014

/usr/bin/uname -p = unknown
/bin/uname -X     = unknown

/bin/arch              = x86_64
/usr/bin/arch -k       = unknown
/usr/convex/getsysinfo = unknown
/usr/bin/hostinfo      = unknown
/bin/machine           = unknown
/usr/bin/oslevel       = unknown
/bin/universe          = unknown

PATH: /usr/local/java/jdk1.8.0_111/bin
PATH: /usr/local/sbin
PATH: /usr/local/bin
PATH: /sbin
PATH: /bin
PATH: /usr/sbin
PATH: /usr/bin
PATH: /root/bin
PATH: /root/bin
PATH: /bin/
PATH: /home/yanzhongliang/bin


## ----------- ##
## Core tests. ##
## ----------- ##

configure:2410: checking for a BSD-compatible install
configure:2478: result: /usr/bin/install -c
configure:2489: checking whether build environment is sane
configure:2539: result: yes
configure:2567: WARNING: `missing' script is too old or missing
configure:2680: checking for a thread-safe mkdir -p
configure:2719: result: /bin/mkdir -p
configure:2732: checking for gawk
configure:2748: found /bin/gawk
configure:2759: result: gawk
configure:2770: checking whether make sets $(MAKE)
configure:2792: result: yes
configure:2888: checking build system type
configure:2902: result: x86_64-unknown-linux-gnu
configure:2922: checking host system type
configure:2935: result: x86_64-unknown-linux-gnu
configure:3018: checking how to print strings
configure:3045: result: printf
configure:3078: checking for style of include used by make
configure:3106: result: GNU
configure:3177: checking for gcc
configure:3193: found /usr/bin/gcc
configure:3204: result: gcc
configure:3433: checking for C compiler version
configure:3442: gcc --version >&5
gcc (GCC) 4.4.7 20120313 (Red Hat 4.4.7-16)
Copyright (C) 2010 Free Software Foundation, Inc.
This is free software; see the source for copying conditions.  There is NO
warranty; not even for MERCHANTABILITY or FITNESS FOR A PARTICULAR PURPOSE.

configure:3453: $? = 0
configure:3442: gcc -v >&5
Using built-in specs.
Target: x86_64-redhat-linux
Configured with: ../configure --prefix=/usr --mandir=/usr/share/man --infodir=/usr/share/info --with-bugurl=http://bugzilla.redhat.com/bugzilla --enable-bootstrap --enable-shared --enable-threads=posix --enable-checking=release --with-system-zlib --enable-__cxa_atexit --disable-libunwind-exceptions --enable-gnu-unique-object --enable-languages=c,c++,objc,obj-c++,java,fortran,ada --enable-java-awt=gtk --disable-dssi --with-java-home=/usr/lib/jvm/java-1.5.0-gcj-1.5.0.0/jre --enable-libgcj-multifile --enable-java-maintainer-mode --with-ecj-jar=/usr/share/java/eclipse-ecj.jar --disable-libjava-multilib --with-ppl --with-cloog --with-tune=generic --with-arch_32=i686 --build=x86_64-redhat-linux
Thread model: posix
gcc version 4.4.7 20120313 (Red Hat 4.4.7-16) (GCC) 
configure:3453: $? = 0
configure:3442: gcc -V >&5
gcc: '-V' option must have argument
configure:3453: $? = 1
configure:3442: gcc -qversion >&5
gcc: unrecognized option '-qversion'
gcc: no input files
configure:3453: $? = 1
configure:3473: checking whether the C compiler works
configure:3495: gcc    conftest.c  >&5
configure:3499: $? = 0
configure:3547: result: yes
configure:3550: checking for C compiler default output file name
configure:3552: result: a.out
configure:3558: checking for suffix of executables
configure:3565: gcc -o conftest    conftest.c  >&5
configure:3569: $? = 0
configure:3591: result: 
configure:3613: checking whether we are cross compiling
configure:3621: gcc -o conftest    conftest.c  >&5
configure:3625: $? = 0
configure:3632: ./conftest
configure:3636: $? = 0
configure:3651: result: no
configure:3656: checking for suffix of object files
configure:3678: gcc -c   conftest.c >&5
configure:3682: $? = 0
configure:3703: result: o
configure:3707: checking whether we are using the GNU C compiler
configure:3726: gcc -c   conftest.c >&5
configure:3726: $? = 0
configure:3735: result: yes
configure:3744: checking whether gcc accepts -g
configure:3764: gcc -c -g  conftest.c >&5
configure:3764: $? = 0
configure:3805: result: yes
configure:3822: checking for gcc option to accept ISO C89
configure:3886: gcc  -c -g -O2  conftest.c >&5
configure:3886: $? = 0
configure:3899: result: none needed
configure:3921: checking dependency style of gcc
configure:4032: result: gcc3
configure:4047: checking for a sed that does not truncate output
configure:4111: result: /bin/sed
configure:4129: checking for grep that handles long lines and -e
configure:4187: result: /bin/grep
configure:4192: checking for egrep
configure:4254: result: /bin/grep -E
configure:4259: checking for fgrep
configure:4321: result: /bin/grep -F
configure:4356: checking for ld used by gcc
configure:4423: result: /usr/bin/ld
configure:4430: checking if the linker (/usr/bin/ld) is GNU ld
configure:4445: result: yes
configure:4457: checking for BSD- or MS-compatible name lister (nm)
configure:4506: result: /usr/bin/nm -B
configure:4636: checking the name lister (/usr/bin/nm -B) interface
configure:4643: gcc -c -g -O2  conftest.c >&5
configure:4646: /usr/bin/nm -B "conftest.o"
configure:4649: output
0000000000000000 B some_variable
configure:4656: result: BSD nm
configure:4659: checking whether ln -s works
configure:4663: result: yes
configure:4671: checking the maximum length of command line arguments
configure:4801: result: 1572864
configure:4818: checking whether the shell understands some XSI constructs
configure:4828: result: yes
configure:4832: checking whether the shell understands "+="
configure:4838: result: yes
configure:4873: checking how to convert x86_64-unknown-linux-gnu file names to x86_64-unknown-linux-gnu format
configure:4913: result: func_convert_file_noop
configure:4920: checking how to convert x86_64-unknown-linux-gnu file names to toolchain format
configure:4940: result: func_convert_file_noop
configure:4947: checking for /usr/bin/ld option to reload object files
configure:4954: result: -r
configure:5028: checking for objdump
configure:5044: found /usr/bin/objdump
configure:5055: result: objdump
configure:5087: checking how to recognize dependent libraries
configure:5289: result: pass_all
configure:5374: checking for dlltool
configure:5404: result: no
configure:5434: checking how to associate runtime and link libraries
configure:5461: result: printf %s\n
configure:5522: checking for ar
configure:5538: found /usr/bin/ar
configure:5549: result: ar
configure:5586: checking for archiver @FILE support
configure:5603: gcc -c -g -O2  conftest.c >&5
configure:5603: $? = 0
configure:5606: ar cru libconftest.a @conftest.lst >&5
configure:5609: $? = 0
configure:5614: ar cru libconftest.a @conftest.lst >&5
ar: conftest.o: No such file or directory
configure:5617: $? = 1
configure:5629: result: @
configure:5687: checking for strip
configure:5703: found /usr/bin/strip
configure:5714: result: strip
configure:5786: checking for ranlib
configure:5802: found /usr/bin/ranlib
configure:5813: result: ranlib
configure:5915: checking command to parse /usr/bin/nm -B output from gcc object
configure:6035: gcc -c -g -O2  conftest.c >&5
configure:6038: $? = 0
configure:6042: /usr/bin/nm -B conftest.o \| sed -n -e 's/^.*[ ]\([ABCDGIRSTW][ABCDGIRSTW]*\)[ ][ ]*\([_A-Za-z][_A-Za-z0-9]*\)$/\1 \2 \2/p' | sed '/ __gnu_lto/d' \> conftest.nm
configure:6045: $? = 0
configure:6111: gcc -o conftest -g -O2   conftest.c conftstm.o >&5
configure:6114: $? = 0
configure:6152: result: ok
configure:6189: checking for sysroot
configure:6219: result: no
configure:6296: gcc -c -g -O2  conftest.c >&5
configure:6299: $? = 0
configure:6475: checking for mt
configure:6505: result: no
configure:6525: checking if : is a manifest tool
configure:6531: : '-?'
configure:6539: result: no
configure:7181: checking how to run the C preprocessor
configure:7212: gcc -E  conftest.c
configure:7212: $? = 0
configure:7226: gcc -E  conftest.c
conftest.c:11:28: error: ac_nonexistent.h: No such file or directory
configure:7226: $? = 1
configure: failed program was:
| /* confdefs.h */
| #define PACKAGE_NAME "log4cpp"
| #define PACKAGE_TARNAME "log4cpp"
| #define PACKAGE_VERSION "1.1"
| #define PACKAGE_STRING "log4cpp 1.1"
| #define PACKAGE_BUGREPORT ""
| #define PACKAGE_URL ""
| #define PACKAGE "log4cpp"
| #define VERSION "1.1"
| /* end confdefs.h.  */
| #include <ac_nonexistent.h>
configure:7251: result: gcc -E
configure:7271: gcc -E  conftest.c
configure:7271: $? = 0
configure:7285: gcc -E  conftest.c
conftest.c:11:28: error: ac_nonexistent.h: No such file or directory
configure:7285: $? = 1
configure: failed program was:
| /* confdefs.h */
| #define PACKAGE_NAME "log4cpp"
| #define PACKAGE_TARNAME "log4cpp"
| #define PACKAGE_VERSION "1.1"
| #define PACKAGE_STRING "log4cpp 1.1"
| #define PACKAGE_BUGREPORT ""
| #define PACKAGE_URL ""
| #define PACKAGE "log4cpp"
| #define VERSION "1.1"
| /* end confdefs.h.  */
| #include <ac_nonexistent.h>
configure:7314: checking for ANSI C header files
configure:7334: gcc -c -g -O2  conftest.c >&5
configure:7334: $? = 0
configure:7407: gcc -o conftest -g -O2   conftest.c  >&5
configure:7407: $? = 0
configure:7407: ./conftest
configure:7407: $? = 0
configure:7418: result: yes
configure:7431: checking for sys/types.h
configure:7431: gcc -c -g -O2  conftest.c >&5
configure:7431: $? = 0
configure:7431: result: yes
configure:7431: checking for sys/stat.h
configure:7431: gcc -c -g -O2  conftest.c >&5
configure:7431: $? = 0
configure:7431: result: yes
configure:7431: checking for stdlib.h
configure:7431: gcc -c -g -O2  conftest.c >&5
configure:7431: $? = 0
configure:7431: result: yes
configure:7431: checking for string.h
configure:7431: gcc -c -g -O2  conftest.c >&5
configure:7431: $? = 0
configure:7431: result: yes
configure:7431: checking for memory.h
configure:7431: gcc -c -g -O2  conftest.c >&5
configure:7431: $? = 0
configure:7431: result: yes
configure:7431: checking for strings.h
configure:7431: gcc -c -g -O2  conftest.c >&5
configure:7431: $? = 0
configure:7431: result: yes
configure:7431: checking for inttypes.h
configure:7431: gcc -c -g -O2  conftest.c >&5
configure:7431: $? = 0
configure:7431: result: yes
configure:7431: checking for stdint.h
configure:7431: gcc -c -g -O2  conftest.c >&5
configure:7431: $? = 0
configure:7431: result: yes
configure:7431: checking for unistd.h
configure:7431: gcc -c -g -O2  conftest.c >&5
configure:7431: $? = 0
configure:7431: result: yes
configure:7445: checking for dlfcn.h
configure:7445: gcc -c -g -O2  conftest.c >&5
configure:7445: $? = 0
configure:7445: result: yes
configure:7651: checking for objdir
configure:7666: result: .libs
configure:7933: checking if gcc supports -fno-rtti -fno-exceptions
configure:7951: gcc -c -g -O2  -fno-rtti -fno-exceptions conftest.c >&5
cc1: warning: command line option "-fno-rtti" is valid for C++/ObjC++ but not for C
configure:7955: $? = 0
configure:7968: result: no
configure:8295: checking for gcc option to produce PIC
configure:8302: result: -fPIC -DPIC
configure:8310: checking if gcc PIC flag -fPIC -DPIC works
configure:8328: gcc -c -g -O2  -fPIC -DPIC -DPIC conftest.c >&5
configure:8332: $? = 0
configure:8345: result: yes
configure:8374: checking if gcc static flag -static works
configure:8402: result: no
configure:8417: checking if gcc supports -c -o file.o
configure:8438: gcc -c -g -O2  -o out/conftest2.o conftest.c >&5
configure:8442: $? = 0
configure:8464: result: yes
configure:8472: checking if gcc supports -c -o file.o
configure:8519: result: yes
configure:8552: checking whether the gcc linker (/usr/bin/ld) supports shared libraries
configure:9709: result: yes
configure:9746: checking whether -lc should be explicitly linked in
configure:9754: gcc -c -g -O2  conftest.c >&5
configure:9757: $? = 0
configure:9772: gcc -shared  -fPIC -DPIC conftest.o  -v -Wl,-soname -Wl,conftest -o conftest 2\>\&1 \| /bin/grep  -lc  \>/dev/null 2\>\&1
configure:9775: $? = 0
configure:9789: result: no
configure:9949: checking dynamic linker characteristics
configure:10460: gcc -o conftest -g -O2   -Wl,-rpath -Wl,/foo conftest.c  >&5
configure:10460: $? = 0
configure:10694: result: GNU/Linux ld.so
configure:10801: checking how to hardcode library paths into programs
configure:10826: result: immediate
configure:11366: checking whether stripping libraries is possible
configure:11371: result: yes
configure:11406: checking if libtool supports shared libraries
configure:11408: result: yes
configure:11411: checking whether to build shared libraries
configure:11432: result: yes
configure:11435: checking whether to build static libraries
configure:11439: result: yes
configure:11477: checking whether make sets $(MAKE)
configure:11499: result: yes
configure:11567: checking for g++
configure:11583: found /usr/bin/g++
configure:11594: result: g++
configure:11621: checking for C++ compiler version
configure:11630: g++ --version >&5
g++ (GCC) 4.4.7 20120313 (Red Hat 4.4.7-16)
Copyright (C) 2010 Free Software Foundation, Inc.
This is free software; see the source for copying conditions.  There is NO
warranty; not even for MERCHANTABILITY or FITNESS FOR A PARTICULAR PURPOSE.

configure:11641: $? = 0
configure:11630: g++ -v >&5
Using built-in specs.
Target: x86_64-redhat-linux
Configured with: ../configure --prefix=/usr --mandir=/usr/share/man --infodir=/usr/share/info --with-bugurl=http://bugzilla.redhat.com/bugzilla --enable-bootstrap --enable-shared --enable-threads=posix --enable-checking=release --with-system-zlib --enable-__cxa_atexit --disable-libunwind-exceptions --enable-gnu-unique-object --enable-languages=c,c++,objc,obj-c++,java,fortran,ada --enable-java-awt=gtk --disable-dssi --with-java-home=/usr/lib/jvm/java-1.5.0-gcj-1.5.0.0/jre --enable-libgcj-multifile --enable-java-maintainer-mode --with-ecj-jar=/usr/share/java/eclipse-ecj.jar --disable-libjava-multilib --with-ppl --with-cloog --with-tune=generic --with-arch_32=i686 --build=x86_64-redhat-linux
Thread model: posix
gcc version 4.4.7 20120313 (Red Hat 4.4.7-16) (GCC) 
configure:11641: $? = 0
configure:11630: g++ -V >&5
g++: '-V' option must have argument
configure:11641: $? = 1
configure:11630: g++ -qversion >&5
g++: unrecognized option '-qversion'
g++: no input files
configure:11641: $? = 1
configure:11645: checking whether we are using the GNU C++ compiler
configure:11664: g++ -c   conftest.cpp >&5
configure:11664: $? = 0
configure:11673: result: yes
configure:11682: checking whether g++ accepts -g
configure:11702: g++ -c -g  conftest.cpp >&5
configure:11702: $? = 0
configure:11743: result: yes
configure:11768: checking dependency style of g++
configure:11879: result: gcc3
configure:11912: checking how to run the C++ preprocessor
configure:11939: g++ -E  conftest.cpp
configure:11939: $? = 0
configure:11953: g++ -E  conftest.cpp
conftest.cpp:23:28: error: ac_nonexistent.h: No such file or directory
configure:11953: $? = 1
configure: failed program was:
| /* confdefs.h */
| #define PACKAGE_NAME "log4cpp"
| #define PACKAGE_TARNAME "log4cpp"
| #define PACKAGE_VERSION "1.1"
| #define PACKAGE_STRING "log4cpp 1.1"
| #define PACKAGE_BUGREPORT ""
| #define PACKAGE_URL ""
| #define PACKAGE "log4cpp"
| #define VERSION "1.1"
| #define STDC_HEADERS 1
| #define HAVE_SYS_TYPES_H 1
| #define HAVE_SYS_STAT_H 1
| #define HAVE_STDLIB_H 1
| #define HAVE_STRING_H 1
| #define HAVE_MEMORY_H 1
| #define HAVE_STRINGS_H 1
| #define HAVE_INTTYPES_H 1
| #define HAVE_STDINT_H 1
| #define HAVE_UNISTD_H 1
| #define HAVE_DLFCN_H 1
| #define LT_OBJDIR ".libs/"
| /* end confdefs.h.  */
| #include <ac_nonexistent.h>
configure:11978: result: g++ -E
configure:11998: g++ -E  conftest.cpp
configure:11998: $? = 0
configure:12012: g++ -E  conftest.cpp
conftest.cpp:23:28: error: ac_nonexistent.h: No such file or directory
configure:12012: $? = 1
configure: failed program was:
| /* confdefs.h */
| #define PACKAGE_NAME "log4cpp"
| #define PACKAGE_TARNAME "log4cpp"
| #define PACKAGE_VERSION "1.1"
| #define PACKAGE_STRING "log4cpp 1.1"
| #define PACKAGE_BUGREPORT ""
| #define PACKAGE_URL ""
| #define PACKAGE "log4cpp"
| #define VERSION "1.1"
| #define STDC_HEADERS 1
| #define HAVE_SYS_TYPES_H 1
| #define HAVE_SYS_STAT_H 1
| #define HAVE_STDLIB_H 1
| #define HAVE_STRING_H 1
| #define HAVE_MEMORY_H 1
| #define HAVE_STRINGS_H 1
| #define HAVE_INTTYPES_H 1
| #define HAVE_STDINT_H 1
| #define HAVE_UNISTD_H 1
| #define HAVE_DLFCN_H 1
| #define LT_OBJDIR ".libs/"
| /* end confdefs.h.  */
| #include <ac_nonexistent.h>
configure:12181: checking for ld used by g++
configure:12248: result: /usr/bin/ld
configure:12255: checking if the linker (/usr/bin/ld) is GNU ld
configure:12270: result: yes
configure:12325: checking whether the g++ linker (/usr/bin/ld) supports shared libraries
configure:13330: result: yes
configure:13366: g++ -c -g -O2  conftest.cpp >&5
configure:13369: $? = 0
configure:13889: checking for g++ option to produce PIC
configure:13896: result: -fPIC -DPIC
configure:13904: checking if g++ PIC flag -fPIC -DPIC works
configure:13922: g++ -c -g -O2  -fPIC -DPIC -DPIC conftest.cpp >&5
configure:13926: $? = 0
configure:13939: result: yes
configure:13962: checking if g++ static flag -static works
configure:13990: result: no
configure:14002: checking if g++ supports -c -o file.o
configure:14023: g++ -c -g -O2  -o out/conftest2.o conftest.cpp >&5
configure:14027: $? = 0
configure:14049: result: yes
configure:14054: checking if g++ supports -c -o file.o
configure:14101: result: yes
configure:14131: checking whether the g++ linker (/usr/bin/ld) supports shared libraries
configure:14170: result: yes
configure:14311: checking dynamic linker characteristics
configure:14990: result: GNU/Linux ld.so
configure:15043: checking how to hardcode library paths into programs
configure:15068: result: immediate
configure:15119: checking how to run the C++ preprocessor
configure:15185: result: g++ -E
configure:15205: g++ -E  conftest.cpp
configure:15205: $? = 0
configure:15219: g++ -E  conftest.cpp
conftest.cpp:23:28: error: ac_nonexistent.h: No such file or directory
configure:15219: $? = 1
configure: failed program was:
| /* confdefs.h */
| #define PACKAGE_NAME "log4cpp"
| #define PACKAGE_TARNAME "log4cpp"
| #define PACKAGE_VERSION "1.1"
| #define PACKAGE_STRING "log4cpp 1.1"
| #define PACKAGE_BUGREPORT ""
| #define PACKAGE_URL ""
| #define PACKAGE "log4cpp"
| #define VERSION "1.1"
| #define STDC_HEADERS 1
| #define HAVE_SYS_TYPES_H 1
| #define HAVE_SYS_STAT_H 1
| #define HAVE_STDLIB_H 1
| #define HAVE_STRING_H 1
| #define HAVE_MEMORY_H 1
| #define HAVE_STRINGS_H 1
| #define HAVE_INTTYPES_H 1
| #define HAVE_STDINT_H 1
| #define HAVE_UNISTD_H 1
| #define HAVE_DLFCN_H 1
| #define LT_OBJDIR ".libs/"
| /* end confdefs.h.  */
| #include <ac_nonexistent.h>
configure:15258: checking for unistd.h
configure:15258: result: yes
configure:15270: checking io.h usability
configure:15270: gcc -c   conftest.c >&5
conftest.c:57:16: error: io.h: No such file or directory
configure:15270: $? = 1
configure: failed program was:
| /* confdefs.h */
| #define PACKAGE_NAME "log4cpp"
| #define PACKAGE_TARNAME "log4cpp"
| #define PACKAGE_VERSION "1.1"
| #define PACKAGE_STRING "log4cpp 1.1"
| #define PACKAGE_BUGREPORT ""
| #define PACKAGE_URL ""
| #define PACKAGE "log4cpp"
| #define VERSION "1.1"
| #define STDC_HEADERS 1
| #define HAVE_SYS_TYPES_H 1
| #define HAVE_SYS_STAT_H 1
| #define HAVE_STDLIB_H 1
| #define HAVE_STRING_H 1
| #define HAVE_MEMORY_H 1
| #define HAVE_STRINGS_H 1
| #define HAVE_INTTYPES_H 1
| #define HAVE_STDINT_H 1
| #define HAVE_UNISTD_H 1
| #define HAVE_DLFCN_H 1
| #define LT_OBJDIR ".libs/"
| #define HAVE_UNISTD_H 1
| /* end confdefs.h.  */
| #include <stdio.h>
| #ifdef HAVE_SYS_TYPES_H
| # include <sys/types.h>
| #endif
| #ifdef HAVE_SYS_STAT_H
| # include <sys/stat.h>
| #endif
| #ifdef STDC_HEADERS
| # include <stdlib.h>
| # include <stddef.h>
| #else
| # ifdef HAVE_STDLIB_H
| #  include <stdlib.h>
| # endif
| #endif
| #ifdef HAVE_STRING_H
| # if !defined STDC_HEADERS && defined HAVE_MEMORY_H
| #  include <memory.h>
| # endif
| # include <string.h>
| #endif
| #ifdef HAVE_STRINGS_H
| # include <strings.h>
| #endif
| #ifdef HAVE_INTTYPES_H
| # include <inttypes.h>
| #endif
| #ifdef HAVE_STDINT_H
| # include <stdint.h>
| #endif
| #ifdef HAVE_UNISTD_H
| # include <unistd.h>
| #endif
| #include <io.h>
configure:15270: result: no
configure:15270: checking io.h presence
configure:15270: gcc -E  conftest.c
conftest.c:24:16: error: io.h: No such file or directory
configure:15270: $? = 1
configure: failed program was:
| /* confdefs.h */
| #define PACKAGE_NAME "log4cpp"
| #define PACKAGE_TARNAME "log4cpp"
| #define PACKAGE_VERSION "1.1"
| #define PACKAGE_STRING "log4cpp 1.1"
| #define PACKAGE_BUGREPORT ""
| #define PACKAGE_URL ""
| #define PACKAGE "log4cpp"
| #define VERSION "1.1"
| #define STDC_HEADERS 1
| #define HAVE_SYS_TYPES_H 1
| #define HAVE_SYS_STAT_H 1
| #define HAVE_STDLIB_H 1
| #define HAVE_STRING_H 1
| #define HAVE_MEMORY_H 1
| #define HAVE_STRINGS_H 1
| #define HAVE_INTTYPES_H 1
| #define HAVE_STDINT_H 1
| #define HAVE_UNISTD_H 1
| #define HAVE_DLFCN_H 1
| #define LT_OBJDIR ".libs/"
| #define HAVE_UNISTD_H 1
| /* end confdefs.h.  */
| #include <io.h>
configure:15270: result: no
configure:15270: checking for io.h
configure:15270: result: no
configure:15283: checking for int64_t
configure:15299: gcc -c   conftest.c >&5
configure:15299: $? = 0
configure:15307: result: yes
configure:15318: checking for working snprintf
configure:15332: gcc -o conftest    conftest.c  >&5
conftest.c:24:1: warning: "HAVE_STDINT_H" redefined
conftest.c:18:1: warning: this is the location of the previous definition
conftest.c: In function 'main':
conftest.c:27: warning: incompatible implicit declaration of built-in function 'exit'
configure:15332: $? = 0
configure:15332: ./conftest
configure:15332: $? = 0
configure:15342: result: yes
configure:15354: checking for syslog
configure:15354: gcc -o conftest    conftest.c  >&5
conftest.c:24:1: warning: "HAVE_STDINT_H" redefined
conftest.c:18:1: warning: this is the location of the previous definition
configure:15354: $? = 0
configure:15354: result: yes
configure:15365: checking for gettimeofday
configure:15365: gcc -o conftest    conftest.c  >&5
conftest.c:24:1: warning: "HAVE_STDINT_H" redefined
conftest.c:18:1: warning: this is the location of the previous definition
configure:15365: $? = 0
configure:15365: result: yes
configure:15376: checking for ftime
configure:15376: gcc -o conftest    conftest.c  >&5
conftest.c:24:1: warning: "HAVE_STDINT_H" redefined
conftest.c:18:1: warning: this is the location of the previous definition
configure:15376: $? = 0
configure:15376: result: yes
configure:15387: checking for localtime_r
configure:15387: gcc -o conftest    conftest.c  >&5
conftest.c:24:1: warning: "HAVE_STDINT_H" redefined
conftest.c:18:1: warning: this is the location of the previous definition
configure:15387: $? = 0
configure:15387: result: yes
configure:15566: checking for the pthreads library -lpthreads
configure:15599: gcc -o conftest     conftest.c -lpthreads  >&5
conftest.c:24:1: warning: "HAVE_STDINT_H" redefined
conftest.c:18:1: warning: this is the location of the previous definition
/usr/bin/ld: cannot find -lpthreads
collect2: ld returned 1 exit status
configure:15599: $? = 1
configure: failed program was:
| /* confdefs.h */
| #define PACKAGE_NAME "log4cpp"
| #define PACKAGE_TARNAME "log4cpp"
| #define PACKAGE_VERSION "1.1"
| #define PACKAGE_STRING "log4cpp 1.1"
| #define PACKAGE_BUGREPORT ""
| #define PACKAGE_URL ""
| #define PACKAGE "log4cpp"
| #define VERSION "1.1"
| #define STDC_HEADERS 1
| #define HAVE_SYS_TYPES_H 1
| #define HAVE_SYS_STAT_H 1
| #define HAVE_STDLIB_H 1
| #define HAVE_STRING_H 1
| #define HAVE_MEMORY_H 1
| #define HAVE_STRINGS_H 1
| #define HAVE_INTTYPES_H 1
| #define HAVE_STDINT_H 1
| #define HAVE_UNISTD_H 1
| #define HAVE_DLFCN_H 1
| #define LT_OBJDIR ".libs/"
| #define HAVE_UNISTD_H 1
| #define HAVE_INT64_T /**/
| #define HAVE_STDINT_H /**/
| #define HAVE_SNPRINTF /**/
| #define HAVE_SYSLOG 1
| #define HAVE_GETTIMEOFDAY 1
| #define HAVE_FTIME 1
| #define HAVE_LOCALTIME_R 1
| /* end confdefs.h.  */
| #include <pthread.h>
| int
| main ()
| {
| pthread_t th; pthread_join(th, 0);
|                      pthread_attr_init(0); pthread_cleanup_push(0, 0);
|                      pthread_create(0,0,0,0); pthread_cleanup_pop(0);
|   ;
|   return 0;
| }
configure:15608: result: no
configure:15511: checking whether pthreads work without any flags
configure:15599: gcc -o conftest     conftest.c   >&5
conftest.c:24:1: warning: "HAVE_STDINT_H" redefined
conftest.c:18:1: warning: this is the location of the previous definition
/tmp/ccEPKsfi.o: In function `main':
conftest.c:(.text+0x18): undefined reference to `pthread_join'
conftest.c:(.text+0x7e): undefined reference to `__pthread_register_cancel'
conftest.c:(.text+0x97): undefined reference to `pthread_create'
conftest.c:(.text+0xa6): undefined reference to `__pthread_unregister_cancel'
collect2: ld returned 1 exit status
configure:15599: $? = 1
configure: failed program was:
| /* confdefs.h */
| #define PACKAGE_NAME "log4cpp"
| #define PACKAGE_TARNAME "log4cpp"
| #define PACKAGE_VERSION "1.1"
| #define PACKAGE_STRING "log4cpp 1.1"
| #define PACKAGE_BUGREPORT ""
| #define PACKAGE_URL ""
| #define PACKAGE "log4cpp"
| #define VERSION "1.1"
| #define STDC_HEADERS 1
| #define HAVE_SYS_TYPES_H 1
| #define HAVE_SYS_STAT_H 1
| #define HAVE_STDLIB_H 1
| #define HAVE_STRING_H 1
| #define HAVE_MEMORY_H 1
| #define HAVE_STRINGS_H 1
| #define HAVE_INTTYPES_H 1
| #define HAVE_STDINT_H 1
| #define HAVE_UNISTD_H 1
| #define HAVE_DLFCN_H 1
| #define LT_OBJDIR ".libs/"
| #define HAVE_UNISTD_H 1
| #define HAVE_INT64_T /**/
| #define HAVE_STDINT_H /**/
| #define HAVE_SNPRINTF /**/
| #define HAVE_SYSLOG 1
| #define HAVE_GETTIMEOFDAY 1
| #define HAVE_FTIME 1
| #define HAVE_LOCALTIME_R 1
| /* end confdefs.h.  */
| #include <pthread.h>
| int
| main ()
| {
| pthread_t th; pthread_join(th, 0);
|                      pthread_attr_init(0); pthread_cleanup_push(0, 0);
|                      pthread_create(0,0,0,0); pthread_cleanup_pop(0);
|   ;
|   return 0;
| }
configure:15608: result: no
configure:15516: checking whether pthreads work with -Kthread
configure:15599: gcc -o conftest  -Kthread   conftest.c   >&5
gcc: unrecognized option '-Kthread'
conftest.c:24:1: warning: "HAVE_STDINT_H" redefined
conftest.c:18:1: warning: this is the location of the previous definition
/tmp/ccsktwnl.o: In function `main':
conftest.c:(.text+0x18): undefined reference to `pthread_join'
conftest.c:(.text+0x7e): undefined reference to `__pthread_register_cancel'
conftest.c:(.text+0x97): undefined reference to `pthread_create'
conftest.c:(.text+0xa6): undefined reference to `__pthread_unregister_cancel'
collect2: ld returned 1 exit status
configure:15599: $? = 1
configure: failed program was:
| /* confdefs.h */
| #define PACKAGE_NAME "log4cpp"
| #define PACKAGE_TARNAME "log4cpp"
| #define PACKAGE_VERSION "1.1"
| #define PACKAGE_STRING "log4cpp 1.1"
| #define PACKAGE_BUGREPORT ""
| #define PACKAGE_URL ""
| #define PACKAGE "log4cpp"
| #define VERSION "1.1"
| #define STDC_HEADERS 1
| #define HAVE_SYS_TYPES_H 1
| #define HAVE_SYS_STAT_H 1
| #define HAVE_STDLIB_H 1
| #define HAVE_STRING_H 1
| #define HAVE_MEMORY_H 1
| #define HAVE_STRINGS_H 1
| #define HAVE_INTTYPES_H 1
| #define HAVE_STDINT_H 1
| #define HAVE_UNISTD_H 1
| #define HAVE_DLFCN_H 1
| #define LT_OBJDIR ".libs/"
| #define HAVE_UNISTD_H 1
| #define HAVE_INT64_T /**/
| #define HAVE_STDINT_H /**/
| #define HAVE_SNPRINTF /**/
| #define HAVE_SYSLOG 1
| #define HAVE_GETTIMEOFDAY 1
| #define HAVE_FTIME 1
| #define HAVE_LOCALTIME_R 1
| /* end confdefs.h.  */
| #include <pthread.h>
| int
| main ()
| {
| pthread_t th; pthread_join(th, 0);
|                      pthread_attr_init(0); pthread_cleanup_push(0, 0);
|                      pthread_create(0,0,0,0); pthread_cleanup_pop(0);
|   ;
|   return 0;
| }
configure:15608: result: no
configure:15516: checking whether pthreads work with -kthread
configure:15599: gcc -o conftest  -kthread   conftest.c   >&5
gcc: unrecognized option '-kthread'
conftest.c:24:1: warning: "HAVE_STDINT_H" redefined
conftest.c:18:1: warning: this is the location of the previous definition
/tmp/ccPsw3cr.o: In function `main':
conftest.c:(.text+0x18): undefined reference to `pthread_join'
conftest.c:(.text+0x7e): undefined reference to `__pthread_register_cancel'
conftest.c:(.text+0x97): undefined reference to `pthread_create'
conftest.c:(.text+0xa6): undefined reference to `__pthread_unregister_cancel'
collect2: ld returned 1 exit status
configure:15599: $? = 1
configure: failed program was:
| /* confdefs.h */
| #define PACKAGE_NAME "log4cpp"
| #define PACKAGE_TARNAME "log4cpp"
| #define PACKAGE_VERSION "1.1"
| #define PACKAGE_STRING "log4cpp 1.1"
| #define PACKAGE_BUGREPORT ""
| #define PACKAGE_URL ""
| #define PACKAGE "log4cpp"
| #define VERSION "1.1"
| #define STDC_HEADERS 1
| #define HAVE_SYS_TYPES_H 1
| #define HAVE_SYS_STAT_H 1
| #define HAVE_STDLIB_H 1
| #define HAVE_STRING_H 1
| #define HAVE_MEMORY_H 1
| #define HAVE_STRINGS_H 1
| #define HAVE_INTTYPES_H 1
| #define HAVE_STDINT_H 1
| #define HAVE_UNISTD_H 1
| #define HAVE_DLFCN_H 1
| #define LT_OBJDIR ".libs/"
| #define HAVE_UNISTD_H 1
| #define HAVE_INT64_T /**/
| #define HAVE_STDINT_H /**/
| #define HAVE_SNPRINTF /**/
| #define HAVE_SYSLOG 1
| #define HAVE_GETTIMEOFDAY 1
| #define HAVE_FTIME 1
| #define HAVE_LOCALTIME_R 1
| /* end confdefs.h.  */
| #include <pthread.h>
| int
| main ()
| {
| pthread_t th; pthread_join(th, 0);
|                      pthread_attr_init(0); pthread_cleanup_push(0, 0);
|                      pthread_create(0,0,0,0); pthread_cleanup_pop(0);
|   ;
|   return 0;
| }
configure:15608: result: no
configure:15566: checking for the pthreads library -llthread
configure:15599: gcc -o conftest     conftest.c -llthread  >&5
conftest.c:24:1: warning: "HAVE_STDINT_H" redefined
conftest.c:18:1: warning: this is the location of the previous definition
/usr/bin/ld: cannot find -llthread
collect2: ld returned 1 exit status
configure:15599: $? = 1
configure: failed program was:
| /* confdefs.h */
| #define PACKAGE_NAME "log4cpp"
| #define PACKAGE_TARNAME "log4cpp"
| #define PACKAGE_VERSION "1.1"
| #define PACKAGE_STRING "log4cpp 1.1"
| #define PACKAGE_BUGREPORT ""
| #define PACKAGE_URL ""
| #define PACKAGE "log4cpp"
| #define VERSION "1.1"
| #define STDC_HEADERS 1
| #define HAVE_SYS_TYPES_H 1
| #define HAVE_SYS_STAT_H 1
| #define HAVE_STDLIB_H 1
| #define HAVE_STRING_H 1
| #define HAVE_MEMORY_H 1
| #define HAVE_STRINGS_H 1
| #define HAVE_INTTYPES_H 1
| #define HAVE_STDINT_H 1
| #define HAVE_UNISTD_H 1
| #define HAVE_DLFCN_H 1
| #define LT_OBJDIR ".libs/"
| #define HAVE_UNISTD_H 1
| #define HAVE_INT64_T /**/
| #define HAVE_STDINT_H /**/
| #define HAVE_SNPRINTF /**/
| #define HAVE_SYSLOG 1
| #define HAVE_GETTIMEOFDAY 1
| #define HAVE_FTIME 1
| #define HAVE_LOCALTIME_R 1
| /* end confdefs.h.  */
| #include <pthread.h>
| int
| main ()
| {
| pthread_t th; pthread_join(th, 0);
|                      pthread_attr_init(0); pthread_cleanup_push(0, 0);
|                      pthread_create(0,0,0,0); pthread_cleanup_pop(0);
|   ;
|   return 0;
| }
configure:15608: result: no
configure:15516: checking whether pthreads work with -pthread
configure:15599: gcc -o conftest  -pthread   conftest.c   >&5
conftest.c:24:1: warning: "HAVE_STDINT_H" redefined
conftest.c:18:1: warning: this is the location of the previous definition
configure:15599: $? = 0
configure:15608: result: yes
configure:15627: checking for joinable pthread attribute
configure:15642: gcc -o conftest  -pthread   conftest.c   >&5
conftest.c:24:1: warning: "HAVE_STDINT_H" redefined
conftest.c:18:1: warning: this is the location of the previous definition
configure:15642: $? = 0
configure:15648: result: PTHREAD_CREATE_JOINABLE
configure:15658: checking if more special flags are required for pthreads
configure:15672: result: no
configure:15775: checking whether the compiler implements namespaces
configure:15797: g++ -c -pthread   conftest.cpp >&5
conftest.cpp:24:1: warning: "HAVE_STDINT_H" redefined
conftest.cpp:18:1: warning: this is the location of the previous definition
configure:15797: $? = 0
configure:15811: result: yes
configure:15819: checking whether the compiler has stringstream
configure:15845: g++ -c -pthread   conftest.cpp >&5
conftest.cpp:24:1: warning: "HAVE_STDINT_H" redefined
conftest.cpp:18:1: warning: this is the location of the previous definition
configure:15845: $? = 0
configure:15859: result: yes
configure:15952: checking for doxygen
configure:15985: result: no
configure:16110: checking for socket in -lsocket
configure:16135: g++ -o conftest -pthread  -Wall -Wno-unused -pedantic   conftest.cpp -lsocket    >&5
conftest.cpp:24:1: warning: "HAVE_STDINT_H" redefined
conftest.cpp:18:1: warning: this is the location of the previous definition
/usr/bin/ld: cannot find -lsocket
collect2: ld returned 1 exit status
configure:16135: $? = 1
configure: failed program was:
| /* confdefs.h */
| #define PACKAGE_NAME "log4cpp"
| #define PACKAGE_TARNAME "log4cpp"
| #define PACKAGE_VERSION "1.1"
| #define PACKAGE_STRING "log4cpp 1.1"
| #define PACKAGE_BUGREPORT ""
| #define PACKAGE_URL ""
| #define PACKAGE "log4cpp"
| #define VERSION "1.1"
| #define STDC_HEADERS 1
| #define HAVE_SYS_TYPES_H 1
| #define HAVE_SYS_STAT_H 1
| #define HAVE_STDLIB_H 1
| #define HAVE_STRING_H 1
| #define HAVE_MEMORY_H 1
| #define HAVE_STRINGS_H 1
| #define HAVE_INTTYPES_H 1
| #define HAVE_STDINT_H 1
| #define HAVE_UNISTD_H 1
| #define HAVE_DLFCN_H 1
| #define LT_OBJDIR ".libs/"
| #define HAVE_UNISTD_H 1
| #define HAVE_INT64_T /**/
| #define HAVE_STDINT_H /**/
| #define HAVE_SNPRINTF /**/
| #define HAVE_SYSLOG 1
| #define HAVE_GETTIMEOFDAY 1
| #define HAVE_FTIME 1
| #define HAVE_LOCALTIME_R 1
| #define HAVE_PTHREAD 1
| #define HAVE_THREADING 1
| #define USE_PTHREADS 1
| #define HAVE_NAMESPACES /**/
| #define HAVE_SSTREAM /**/
| /* end confdefs.h.  */
| 
| /* Override any GCC internal prototype to avoid an error.
|    Use char because int might match the return type of a GCC
|    builtin and then its argument prototype would still apply.  */
| #ifdef __cplusplus
| extern "C"
| #endif
| char socket ();
| int
| main ()
| {
| return socket ();
|   ;
|   return 0;
| }
configure:16144: result: no
configure:16150: checking for gethostbyname in -lnsl
configure:16175: g++ -o conftest -pthread  -Wall -Wno-unused -pedantic   conftest.cpp -lnsl    >&5
conftest.cpp:24:1: warning: "HAVE_STDINT_H" redefined
conftest.cpp:18:1: warning: this is the location of the previous definition
configure:16175: $? = 0
configure:16184: result: yes
configure:16239: creating log4cpp-config.in
configure:16412: creating log4cpp.pc.in
configure:16609: creating ./config.status

## ---------------------- ##
## Running config.status. ##
## ---------------------- ##

This file was extended by log4cpp config.status 1.1, which was
generated by GNU Autoconf 2.68.  Invocation command line was

  CONFIG_FILES    = 
  CONFIG_HEADERS  = 
  CONFIG_LINKS    = 
  CONFIG_COMMANDS = 
  $ ./config.status 

on docker_69.112.80_yanzhongliang

config.status:1218: creating Makefile
config.status:1218: creating log4cpp.spec
config.status:1218: creating log4cpp.pc
config.status:1218: creating log4cpp-config
config.status:1326: WARNING:  'log4cpp-config.in' seems to ignore the --datarootdir setting
config.status:1218: creating config/Makefile
config.status:1218: creating doc/Makefile
config.status:1218: creating doc/Doxyfile
config.status:1218: creating doc/html/Makefile
config.status:1218: creating src/Makefile
config.status:1218: creating include/Makefile
config.status:1218: creating include/log4cpp/Makefile
config.status:1218: creating include/log4cpp/threading/Makefile
config.status:1218: creating tests/Makefile
config.status:1218: creating msvc6/Makefile
config.status:1218: creating msvc6/log4cpp/Makefile
config.status:1218: creating msvc6/log4cppDLL/Makefile
config.status:1218: creating msvc6/testCategory/Makefile
config.status:1218: creating msvc6/testDLL/Makefile
config.status:1218: creating msvc6/testMain/Makefile
config.status:1218: creating msvc6/testNDC/Makefile
config.status:1218: creating msvc6/testNTEventLog/Makefile
config.status:1218: creating msvc6/testPattern/Makefile
config.status:1218: creating bcb5/Makefile
config.status:1218: creating bcb5/log4cpp/Makefile
config.status:1218: creating bcb5/testCategory/Makefile
config.status:1218: creating bcb5/testConfig/Makefile
config.status:1218: creating bcb5/testFixedContextCategory/Makefile
config.status:1218: creating bcb5/testmain/Makefile
config.status:1218: creating bcb5/testNDC/Makefile
config.status:1218: creating bcb5/testPattern/Makefile
config.status:1218: creating openvms/Makefile
config.status:1218: creating include/config.h
config.status:1399: include/config.h is unchanged
config.status:1447: executing depfiles commands
config.status:1447: executing libtool commands
configure:19162: result: creating include/log4cpp/config.h - prefix LOG4CPP for include/config.h defines

## ---------------- ##
## Cache variables. ##
## ---------------- ##

ac_cv_build=x86_64-unknown-linux-gnu
ac_cv_c_compiler_gnu=yes
ac_cv_c_int64_t=yes
ac_cv_cxx_compiler_gnu=yes
ac_cv_cxx_have_sstream=yes
ac_cv_cxx_namespaces=yes
ac_cv_env_CCC_set=
ac_cv_env_CCC_value=
ac_cv_env_CC_set=
ac_cv_env_CC_value=
ac_cv_env_CFLAGS_set=
ac_cv_env_CFLAGS_value=
ac_cv_env_CPPFLAGS_set=
ac_cv_env_CPPFLAGS_value=
ac_cv_env_CPP_set=
ac_cv_env_CPP_value=
ac_cv_env_CXXCPP_set=
ac_cv_env_CXXCPP_value=
ac_cv_env_CXXFLAGS_set=
ac_cv_env_CXXFLAGS_value=
ac_cv_env_CXX_set=
ac_cv_env_CXX_value=
ac_cv_env_LDFLAGS_set=
ac_cv_env_LDFLAGS_value=
ac_cv_env_LIBS_set=
ac_cv_env_LIBS_value=
ac_cv_env_build_alias_set=
ac_cv_env_build_alias_value=
ac_cv_env_host_alias_set=
ac_cv_env_host_alias_value=
ac_cv_env_target_alias_set=
ac_cv_env_target_alias_value=
ac_cv_func_ftime=yes
ac_cv_func_gettimeofday=yes
ac_cv_func_localtime_r=yes
ac_cv_func_snprintf=yes
ac_cv_func_syslog=yes
ac_cv_header_dlfcn_h=yes
ac_cv_header_inttypes_h=yes
ac_cv_header_io_h=no
ac_cv_header_memory_h=yes
ac_cv_header_stdc=yes
ac_cv_header_stdint_h=yes
ac_cv_header_stdlib_h=yes
ac_cv_header_string_h=yes
ac_cv_header_strings_h=yes
ac_cv_header_sys_stat_h=yes
ac_cv_header_sys_types_h=yes
ac_cv_header_unistd_h=yes
ac_cv_host=x86_64-unknown-linux-gnu
ac_cv_lib_nsl_gethostbyname=yes
ac_cv_lib_socket_socket=no
ac_cv_objext=o
ac_cv_path_EGREP='/bin/grep -E'
ac_cv_path_FGREP='/bin/grep -F'
ac_cv_path_GREP=/bin/grep
ac_cv_path_SED=/bin/sed
ac_cv_path_install='/usr/bin/install -c'
ac_cv_path_mkdir=/bin/mkdir
ac_cv_prog_AWK=gawk
ac_cv_prog_CPP='gcc -E'
ac_cv_prog_CXXCPP='g++ -E'
ac_cv_prog_ac_ct_AR=ar
ac_cv_prog_ac_ct_CC=gcc
ac_cv_prog_ac_ct_CXX=g++
ac_cv_prog_ac_ct_OBJDUMP=objdump
ac_cv_prog_ac_ct_RANLIB=ranlib
ac_cv_prog_ac_ct_STRIP=strip
ac_cv_prog_cc_c89=
ac_cv_prog_cc_g=yes
ac_cv_prog_cxx_g=yes
ac_cv_prog_make_make_set=yes
am_cv_CC_dependencies_compiler_type=gcc3
am_cv_CXX_dependencies_compiler_type=gcc3
lt_cv_ar_at_file=@
lt_cv_archive_cmds_need_lc=no
lt_cv_deplibs_check_method=pass_all
lt_cv_file_magic_cmd='$MAGIC_CMD'
lt_cv_file_magic_test_file=
lt_cv_ld_reload_flag=-r
lt_cv_nm_interface='BSD nm'
lt_cv_objdir=.libs
lt_cv_path_LD=/usr/bin/ld
lt_cv_path_LDCXX=/usr/bin/ld
lt_cv_path_NM='/usr/bin/nm -B'
lt_cv_path_mainfest_tool=no
lt_cv_prog_compiler_c_o=yes
lt_cv_prog_compiler_c_o_CXX=yes
lt_cv_prog_compiler_pic='-fPIC -DPIC'
lt_cv_prog_compiler_pic_CXX='-fPIC -DPIC'
lt_cv_prog_compiler_pic_works=yes
lt_cv_prog_compiler_pic_works_CXX=yes
lt_cv_prog_compiler_rtti_exceptions=no
lt_cv_prog_compiler_static_works=no
lt_cv_prog_compiler_static_works_CXX=no
lt_cv_prog_gnu_ld=yes
lt_cv_prog_gnu_ldcxx=yes
lt_cv_sharedlib_from_linklib_cmd='printf %s\n'
lt_cv_shlibpath_overrides_runpath=no
lt_cv_sys_global_symbol_pipe='sed -n -e '\''s/^.*[	 ]\([ABCDGIRSTW][ABCDGIRSTW]*\)[	 ][	 ]*\([_A-Za-z][_A-Za-z0-9]*\)$/\1 \2 \2/p'\'' | sed '\''/ __gnu_lto/d'\'''
lt_cv_sys_global_symbol_to_c_name_address='sed -n -e '\''s/^: \([^ ]*\)[ ]*$/  {\"\1\", (void *) 0},/p'\'' -e '\''s/^[ABCDGIRSTW]* \([^ ]*\) \([^ ]*\)$/  {"\2", (void *) \&\2},/p'\'''
lt_cv_sys_global_symbol_to_c_name_address_lib_prefix='sed -n -e '\''s/^: \([^ ]*\)[ ]*$/  {\"\1\", (void *) 0},/p'\'' -e '\''s/^[ABCDGIRSTW]* \([^ ]*\) \(lib[^ ]*\)$/  {"\2", (void *) \&\2},/p'\'' -e '\''s/^[ABCDGIRSTW]* \([^ ]*\) \([^ ]*\)$/  {"lib\2", (void *) \&\2},/p'\'''
lt_cv_sys_global_symbol_to_cdecl='sed -n -e '\''s/^T .* \(.*\)$/extern int \1();/p'\'' -e '\''s/^[ABCDGIRSTW]* .* \(.*\)$/extern char \1;/p'\'''
lt_cv_sys_max_cmd_len=1572864
lt_cv_to_host_file_cmd=func_convert_file_noop
lt_cv_to_tool_file_cmd=func_convert_file_noop

## ----------------- ##
## Output variables. ##
## ----------------- ##

ACLOCAL='aclocal-1.11'
AMDEPBACKSLASH='\'
AMDEP_FALSE='#'
AMDEP_TRUE=''
AMTAR='$${TAR-tar}'
AR='ar'
AUTOCONF='autoconf'
AUTOHEADER='autoheader'
AUTOMAKE='automake-1.11'
AWK='gawk'
CC='gcc'
CCDEPMODE='depmode=gcc3'
CFLAGS='-pthread  -Wall -Wno-unused -pedantic'
CPP='gcc -E'
CPPFLAGS=''
CXX='g++'
CXXCPP='g++ -E'
CXXDEPMODE='depmode=gcc3'
CXXFLAGS='-pthread  -Wall -Wno-unused -pedantic'
CYGPATH_W='echo'
DEFS='-DHAVE_CONFIG_H'
DEPDIR='.deps'
DISABLE_REMOTE_SYSLOG_FALSE=''
DISABLE_REMOTE_SYSLOG_TRUE='#'
DISABLE_SMTP_FALSE=''
DISABLE_SMTP_TRUE='#'
DLLTOOL='false'
DOC_FALSE=''
DOC_TRUE='#'
DOT=''
DOXYGEN=''
DSYMUTIL=''
DUMPBIN=''
ECHO_C=''
ECHO_N='-n'
ECHO_T=''
EGREP='/bin/grep -E'
EXEEXT=''
FGREP='/bin/grep -F'
GREP='/bin/grep'
INSTALL_DATA='${INSTALL} -m 644'
INSTALL_PROGRAM='${INSTALL}'
INSTALL_SCRIPT='${INSTALL}'
INSTALL_STRIP_PROGRAM='$(install_sh) -c -s'
LD='/usr/bin/ld'
LDFLAGS=''
LIBOBJS=''
LIBS='-lnsl  '
LIBTOOL='$(SHELL) $(top_builddir)/libtool'
LIPO=''
LN_S='ln -s'
LOG4CPP_CONFIG='log4cpp-config'
LOG4CPP_CONFLICTS=''
LOG4CPP_PKGCONFIG='log4cpp-config'
LOG4CPP_REQUIRES=''
LOG4CPP_VERSION='1.1'
LTLIBOBJS=''
LT_VERSION='5:6:0'
MAKEINFO='makeinfo'
MANIFEST_TOOL=':'
MKDIR_P='/bin/mkdir -p'
NM='/usr/bin/nm -B'
NMEDIT=''
OBJDUMP='objdump'
OBJEXT='o'
OTOOL64=''
OTOOL=''
PACKAGE='log4cpp'
PACKAGE_BUGREPORT=''
PACKAGE_NAME='log4cpp'
PACKAGE_STRING='log4cpp 1.1'
PACKAGE_TARNAME='log4cpp'
PACKAGE_URL=''
PACKAGE_VERSION='1.1'
PATH_SEPARATOR=':'
PTHREAD_CC='gcc'
PTHREAD_CFLAGS='-pthread'
PTHREAD_LIBS=''
RANLIB='ranlib'
SED='/bin/sed'
SET_MAKE=''
SHELL='/bin/sh'
STRIP='strip'
VERSION='1.1'
ac_ct_AR='ar'
ac_ct_CC='gcc'
ac_ct_CXX='g++'
ac_ct_DUMPBIN=''
acx_pthread_config=''
am__EXEEXT_FALSE=''
am__EXEEXT_TRUE='#'
am__fastdepCC_FALSE='#'
am__fastdepCC_TRUE=''
am__fastdepCXX_FALSE='#'
am__fastdepCXX_TRUE=''
am__include='include'
am__isrc=''
am__leading_dot='.'
am__nodep='_no'
am__quote=''
am__tar='$${TAR-tar} chof - "$$tardir"'
am__untar='$${TAR-tar} xf -'
bindir='${exec_prefix}/bin'
build='x86_64-unknown-linux-gnu'
build_alias=''
build_cpu='x86_64'
build_os='linux-gnu'
build_vendor='unknown'
datadir='${datarootdir}'
datarootdir='${prefix}/share'
docdir='${datarootdir}/doc/${PACKAGE_TARNAME}'
dvidir='${docdir}'
enable_dot='no'
enable_html_docs='yes'
enable_latex_docs='no'
exec_prefix='${prefix}'
host='x86_64-unknown-linux-gnu'
host_alias=''
host_cpu='x86_64'
host_os='linux-gnu'
host_vendor='unknown'
htmldir='${docdir}'
includedir='${prefix}/include'
infodir='${datarootdir}/info'
install_sh='${SHELL} /home/yanzhongliang/dns_down/3part/lop4cpp/config/install-sh'
libdir='${exec_prefix}/lib'
libexecdir='${exec_prefix}/libexec'
localedir='${datarootdir}/locale'
localstatedir='${prefix}/var'
log4cpp_cflags='-pthread '
log4cpp_libs='-llog4cpp  '
mandir='${datarootdir}/man'
mkdir_p='/bin/mkdir -p'
oldincludedir='/usr/include'
pdfdir='${docdir}'
prefix='/usr/local'
program_transform_name='s,x,x,'
psdir='${docdir}'
sbindir='${exec_prefix}/sbin'
sharedstatedir='${prefix}/com'
sysconfdir='${prefix}/etc'
target=''
target_alias=''

## ----------- ##
## confdefs.h. ##
## ----------- ##

/* confdefs.h */
#define PACKAGE_NAME "log4cpp"
#define PACKAGE_TARNAME "log4cpp"
#define PACKAGE_VERSION "1.1"
#define PACKAGE_STRING "log4cpp 1.1"
#define PACKAGE_BUGREPORT ""
#define PACKAGE_URL ""
#define PACKAGE "log4cpp"
#define VERSION "1.1"
#define STDC_HEADERS 1
#define HAVE_SYS_TYPES_H 1
#define HAVE_SYS_STAT_H 1
#define HAVE_STDLIB_H 1
#define HAVE_STRING_H 1
#define HAVE_MEMORY_H 1
#define HAVE_STRINGS_H 1
#define HAVE_INTTYPES_H 1
#define HAVE_STDINT_H 1
#define HAVE_UNISTD_H 1
#define HAVE_DLFCN_H 1
#define LT_OBJDIR ".libs/"
#define HAVE_UNISTD_H 1
#define HAVE_INT64_T /**/
#define HAVE_STDINT_H /**/
#define HAVE_SNPRINTF /**/
#define HAVE_SYSLOG 1
#define HAVE_GETTIMEOFDAY 1
#define HAVE_FTIME 1
#define HAVE_LOCALTIME_R 1
#define HAVE_PTHREAD 1
#define HAVE_THREADING 1
#define USE_PTHREADS 1
#define HAVE_NAMESPACES /**/
#define HAVE_SSTREAM /**/

configure: exit 0
